<?xml version="1.0" encoding="UTF-8"?>
<!-- Generated by org.testng.reporters.JUnitXMLReporter -->
<testsuite ignored="0" hostname="LIN76001689" failures="0" tests="6" name="Default test" time="193.471" errors="0" timestamp="2024-04-25T14:44:00 IST">
  <testcase classname="com.appiumtesting.AppiumHandson.HandsOnDayFour" name="loginPage" time="15.478"/>
  <testcase classname="com.appiumtesting.AppiumHandson.HandsOnDayFour" name="WithdrawalInvaildData" time="29.454"/>
  <testcase classname="com.appiumtesting.AppiumHandson.HandsOnDayFour" name="newCustomer" time="42.733"/>
  <testcase classname="com.appiumtesting.AppiumHandson.HandsOnDayFour" name="newAccount" time="15.063"/>
  <testcase classname="com.appiumtesting.AppiumHandson.HandsOnDayFour" name="WithdrawalVaildData" time="18.474"/>
  <testcase classname="com.appiumtesting.AppiumHandson.HandsOnDayFour" name="logout" time="9.887"/>
</testsuite> <!-- Default test -->
