<?xml version="1.0" encoding="UTF-8"?>
<!-- Generated by org.testng.reporters.JUnitXMLReporter -->
<testsuite ignored="0" hostname="LIN76001689" failures="0" tests="5" name="ApiDemos" time="116.027" errors="0" timestamp="2024-04-25T13:51:04 IST">
  <testcase classname="com.appiumtesting.AppiumHandson.HandsOnDayOne" name="dragAndDropTheCircle" time="13.684"/>
  <testcase classname="com.appiumtesting.AppiumHandson.HandsOnDayOne" name="ScrollAndViewTextClock" time="16.55"/>
  <testcase classname="com.appiumtesting.AppiumHandson.HandsOnDayOne" name="swipeToSecondImage" time="10.0"/>
  <testcase classname="com.appiumtesting.AppiumHandson.HandsOnDayOne" name="viewPeopleNames" time="11.087"/>
  <testcase classname="com.appiumtesting.AppiumHandson.HandsOnDayOne" name="enterDataInTextField" time="18.116"/>
</testsuite> <!-- ApiDemos -->
