<?xml version="1.0" encoding="UTF-8"?>
<!-- Generated by org.testng.reporters.JUnitXMLReporter -->
<testsuite ignored="0" hostname="LIN76001689" failures="0" tests="5" name="General Store" time="106.748" errors="0" timestamp="2024-04-25T13:52:50 IST">
  <testcase classname="com.appiumtesting.AppiumHandson.HandsOnDayTwo" name="goToProductPage" time="50.947"/>
  <testcase classname="com.appiumtesting.AppiumHandson.HandsOnDayTwo" name="enterIncompleteData" time="6.982"/>
  <testcase classname="com.appiumtesting.AppiumHandson.HandsOnDayTwo" name="addProductToCart" time="11.872"/>
  <testcase classname="com.appiumtesting.AppiumHandson.HandsOnDayTwo" name="extractAmountInTheCart" time="0.131"/>
  <testcase classname="com.appiumtesting.AppiumHandson.HandsOnDayTwo" name="readOnTermsAndConditions" time="9.083"/>
</testsuite> <!-- General Store -->
