<?xml version="1.0" encoding="UTF-8"?>
<!-- Generated by org.testng.reporters.JUnitXMLReporter -->
<testsuite ignored="0" hostname="LIN76001689" failures="0" tests="6" name="Guru99 Bank" time="190.865" errors="0" timestamp="2024-04-25T13:57:33 IST">
  <testcase classname="com.appiumtesting.AppiumHandson.HandsOnDayFour" name="loginPage" time="14.784"/>
  <testcase classname="com.appiumtesting.AppiumHandson.HandsOnDayFour" name="WithdrawalInvaildData" time="34.506"/>
  <testcase classname="com.appiumtesting.AppiumHandson.HandsOnDayFour" name="newCustomer" time="56.72"/>
  <testcase classname="com.appiumtesting.AppiumHandson.HandsOnDayFour" name="newAccount" time="17.689"/>
  <testcase classname="com.appiumtesting.AppiumHandson.HandsOnDayFour" name="WithdrawalVaildData" time="20.95"/>
  <testcase classname="com.appiumtesting.AppiumHandson.HandsOnDayFour" name="logout" time="10.116"/>
</testsuite> <!-- Guru99 Bank -->
