<?xml version="1.0" encoding="UTF-8"?>
<!-- Generated by org.testng.reporters.JUnitXMLReporter -->
<testsuite ignored="0" hostname="LIN76001689" failures="0" tests="5" name="Web Orders" time="91.275" errors="0" timestamp="2024-04-25T13:54:22 IST">
  <testcase classname="com.appiumtesting.AppiumHandson.HandsOnDayThree" name="loginPage" time="11.218"/>
  <testcase classname="com.appiumtesting.AppiumHandson.HandsOnDayThree" name="orderPage" time="4.24"/>
  <testcase classname="com.appiumtesting.AppiumHandson.HandsOnDayThree" name="orderInfoPage" time="31.945"/>
  <testcase classname="com.appiumtesting.AppiumHandson.HandsOnDayThree" name="viewAllOrders" time="4.379"/>
  <testcase classname="com.appiumtesting.AppiumHandson.HandsOnDayThree" name="logOut" time="5.249"/>
</testsuite> <!-- Web Orders -->
