<?xml version="1.0" encoding="UTF-8"?>
<testng-results ignored="0" total="6" passed="6" failed="0" skipped="0">
  <reporter-output>
  </reporter-output>
  <suite started-at="2024-04-25T14:40:46 IST" name="Default suite" finished-at="2024-04-25T14:44:00 IST" duration-ms="193471">
    <groups>
    </groups>
    <test started-at="2024-04-25T14:40:46 IST" name="Default test" finished-at="2024-04-25T14:44:00 IST" duration-ms="193471">
      <class name="com.appiumtesting.AppiumHandson.HandsOnDayFour">
        <test-method is-config="true" signature="baseSetUp()[pri:0, instance:com.appiumtesting.AppiumHandson.HandsOnDayFour@7fee8714]" started-at="2024-04-25T14:40:46 IST" name="baseSetUp" finished-at="2024-04-25T14:41:46 IST" duration-ms="60098" status="PASS">
          <reporter-output>
          </reporter-output>
        </test-method> <!-- baseSetUp -->
        <test-method signature="loginPage()[pri:1, instance:com.appiumtesting.AppiumHandson.HandsOnDayFour@7fee8714]" started-at="2024-04-25T14:41:46 IST" name="loginPage" finished-at="2024-04-25T14:42:02 IST" duration-ms="15478" status="PASS">
          <reporter-output>
          </reporter-output>
        </test-method> <!-- loginPage -->
        <test-method signature="WithdrawalInvaildData()[pri:2, instance:com.appiumtesting.AppiumHandson.HandsOnDayFour@7fee8714]" started-at="2024-04-25T14:42:02 IST" name="WithdrawalInvaildData" finished-at="2024-04-25T14:42:31 IST" duration-ms="29454" status="PASS">
          <reporter-output>
          </reporter-output>
        </test-method> <!-- WithdrawalInvaildData -->
        <test-method signature="newCustomer()[pri:3, instance:com.appiumtesting.AppiumHandson.HandsOnDayFour@7fee8714]" started-at="2024-04-25T14:42:31 IST" name="newCustomer" finished-at="2024-04-25T14:43:14 IST" duration-ms="42733" status="PASS">
          <reporter-output>
          </reporter-output>
        </test-method> <!-- newCustomer -->
        <test-method signature="newAccount()[pri:4, instance:com.appiumtesting.AppiumHandson.HandsOnDayFour@7fee8714]" started-at="2024-04-25T14:43:14 IST" name="newAccount" finished-at="2024-04-25T14:43:29 IST" duration-ms="15063" status="PASS">
          <reporter-output>
          </reporter-output>
        </test-method> <!-- newAccount -->
        <test-method signature="WithdrawalVaildData()[pri:5, instance:com.appiumtesting.AppiumHandson.HandsOnDayFour@7fee8714]" started-at="2024-04-25T14:43:29 IST" name="WithdrawalVaildData" finished-at="2024-04-25T14:43:47 IST" duration-ms="18474" status="PASS">
          <reporter-output>
          </reporter-output>
        </test-method> <!-- WithdrawalVaildData -->
        <test-method signature="logout()[pri:6, instance:com.appiumtesting.AppiumHandson.HandsOnDayFour@7fee8714]" started-at="2024-04-25T14:43:47 IST" name="logout" finished-at="2024-04-25T14:43:57 IST" duration-ms="9887" status="PASS">
          <reporter-output>
          </reporter-output>
        </test-method> <!-- logout -->
        <test-method is-config="true" signature="tearDown()[pri:0, instance:com.appiumtesting.AppiumHandson.HandsOnDayFour@7fee8714]" started-at="2024-04-25T14:43:57 IST" name="tearDown" finished-at="2024-04-25T14:44:00 IST" duration-ms="2165" status="PASS">
          <reporter-output>
          </reporter-output>
        </test-method> <!-- tearDown -->
      </class> <!-- com.appiumtesting.AppiumHandson.HandsOnDayFour -->
    </test> <!-- Default test -->
  </suite> <!-- Default suite -->
</testng-results>
